# JRE version: Java(TM) SE Runtime Environment (8.0_144-b01) (build 1.8.0_144-b01)
# Java VM: Java HotSpot(TM) 64-Bit Server VM (25.144-b01 mixed mode windows-amd64 compressed oops)
Heap:
 PSYoungGen      total 813568K, used 245746K [0x0000000780000000, 0x00000007b4a80000, 0x00000007c0000000)
  eden space 764416K, 25% used [0x0000000780000000,0x000000078c003578,0x00000007aea80000)
  from space 49152K, 99% used [0x00000007b1a80000,0x00000007b4a79410,0x00000007b4a80000)
  to   space 49152K, 0% used [0x00000007aea80000,0x00000007aea80000,0x00000007b1a80000)
 ParOldGen       total 195072K, used 68661K [0x0000000700000000, 0x000000070be80000, 0x0000000780000000)
  object space 195072K, 35% used [0x0000000700000000,0x000000070430d5f0,0x000000070be80000)
 Metaspace       used 164592K, capacity 173546K, committed 173864K, reserved 1200128K
  class space    used 21359K, capacity 23261K, committed 23344K, reserved 1048576K
GC Heap History (10 events):
Event: 6321.265 GC heap before
{Heap before GC invocations=45 (full 6):
 PSYoungGen      total 731648K, used 17198K [0x0000000780000000, 0x00000007b6780000, 0x00000007c0000000)
  eden space 679936K, 0% used [0x0000000780000000,0x0000000780000000,0x00000007a9800000)
  from space 51712K, 33% used [0x00000007a9800000,0x00000007aa8cb838,0x00000007aca80000)
  to   space 49152K, 0% used [0x00000007b3780000,0x00000007b3780000,0x00000007b6780000)
 ParOldGen       total 162304K, used 140233K [0x0000000700000000, 0x0000000709e80000, 0x0000000780000000)
  object space 162304K, 86% used [0x0000000700000000,0x00000007088f2510,0x0000000709e80000)
 Metaspace       used 130107K, capacity 136948K, committed 139176K, reserved 1169408K
  class space    used 16670K, capacity 18071K, committed 18608K, reserved 1048576K
Event: 6333.813 GC heap after
Heap after GC invocations=45 (full 6):
 PSYoungGen      total 731648K, used 0K [0x0000000780000000, 0x00000007b6780000, 0x00000007c0000000)
  eden space 679936K, 0% used [0x0000000780000000,0x0000000780000000,0x00000007a9800000)
  from space 51712K, 0% used [0x00000007a9800000,0x00000007a9800000,0x00000007aca80000)
  to   space 49152K, 0% used [0x00000007b3780000,0x00000007b3780000,0x00000007b6780000)
 ParOldGen       total 195072K, used 69513K [0x0000000700000000, 0x000000070be80000, 0x0000000780000000)
  object space 195072K, 35% used [0x0000000700000000,0x00000007043e25e0,0x000000070be80000)
 Metaspace       used 130104K, capacity 136942K, committed 139176K, reserved 1169408K
  class space    used 16669K, capacity 18069K, committed 18608K, reserved 1048576K
}
Event: 8829.839 GC heap before
{Heap before GC invocations=46 (full 6):
 PSYoungGen      total 731648K, used 679936K [0x0000000780000000, 0x00000007b6780000, 0x00000007c0000000)
  eden space 679936K, 100% used [0x0000000780000000,0x00000007a9800000,0x00000007a9800000)
  from space 51712K, 0% used [0x00000007a9800000,0x00000007a9800000,0x00000007aca80000)
  to   space 49152K, 0% used [0x00000007b3780000,0x00000007b3780000,0x00000007b6780000)
 ParOldGen       total 195072K, used 69513K [0x0000000700000000, 0x000000070be80000, 0x0000000780000000)
  object space 195072K, 35% used [0x0000000700000000,0x00000007043e25e0,0x000000070be80000)
 Metaspace       used 130817K, capacity 138342K, committed 139432K, reserved 1169408K
  class space    used 16785K, capacity 18289K, committed 18608K, reserved 1048576K
Event: 8832.678 GC heap after
Heap after GC invocations=46 (full 6):
 PSYoungGen      total 783872K, used 2032K [0x0000000780000000, 0x00000007b4a80000, 0x00000007c0000000)
  eden space 764416K, 0% used [0x0000000780000000,0x0000000780000000,0x00000007aea80000)
  from space 19456K, 10% used [0x00000007b3780000,0x00000007b397c188,0x00000007b4a80000)
  to   space 49152K, 0% used [0x00000007aea80000,0x00000007aea80000,0x00000007b1a80000)
 ParOldGen       total 195072K, used 69521K [0x0000000700000000, 0x000000070be80000, 0x0000000780000000)
  object space 195072K, 35% used [0x0000000700000000,0x00000007043e45e0,0x000000070be80000)
 Metaspace       used 130817K, capacity 138342K, committed 139432K, reserved 1169408K
  class space    used 16785K, capacity 18289K, committed 18608K, reserved 1048576K
}
Event: 9933.814 GC heap before
{Heap before GC invocations=47 (full 6):
 PSYoungGen      total 783872K, used 11687K [0x0000000780000000, 0x00000007b4a80000, 0x00000007c0000000)
  eden space 764416K, 1% used [0x0000000780000000,0x000000078096dba0,0x00000007aea80000)
  from space 19456K, 10% used [0x00000007b3780000,0x00000007b397c188,0x00000007b4a80000)
  to   space 49152K, 0% used [0x00000007aea80000,0x00000007aea80000,0x00000007b1a80000)
 ParOldGen       total 195072K, used 69521K [0x0000000700000000, 0x000000070be80000, 0x0000000780000000)
  object space 195072K, 35% used [0x0000000700000000,0x00000007043e45e0,0x000000070be80000)
 Metaspace       used 130817K, capacity 138342K, committed 139432K, reserved 1169408K
  class space    used 16785K, capacity 18289K, committed 18608K, reserved 1048576K
Event: 9933.905 GC heap after
Heap after GC invocations=47 (full 6):
 PSYoungGen      total 813568K, used 160K [0x0000000780000000, 0x00000007b4a80000, 0x00000007c0000000)
  eden space 764416K, 0% used [0x0000000780000000,0x0000000780000000,0x00000007aea80000)
  from space 49152K, 0% used [0x00000007aea80000,0x00000007aeaa8000,0x00000007b1a80000)
  to   space 49152K, 0% used [0x00000007b1a80000,0x00000007b1a80000,0x00000007b4a80000)
 ParOldGen       total 195072K, used 70545K [0x0000000700000000, 0x000000070be80000, 0x0000000780000000)
  object space 195072K, 36% used [0x0000000700000000,0x00000007044e4610,0x000000070be80000)
 Metaspace       used 130817K, capacity 138342K, committed 139432K, reserved 1169408K
  class space    used 16785K, capacity 18289K, committed 18608K, reserved 1048576K
}
Event: 9933.905 GC heap before
{Heap before GC invocations=48 (full 7):
 PSYoungGen      total 813568K, used 160K [0x0000000780000000, 0x00000007b4a80000, 0x00000007c0000000)
  eden space 764416K, 0% used [0x0000000780000000,0x0000000780000000,0x00000007aea80000)
  from space 49152K, 0% used [0x00000007aea80000,0x00000007aeaa8000,0x00000007b1a80000)
  to   space 49152K, 0% used [0x00000007b1a80000,0x00000007b1a80000,0x00000007b4a80000)
 ParOldGen       total 195072K, used 70545K [0x0000000700000000, 0x000000070be80000, 0x0000000780000000)
  object space 195072K, 36% used [0x0000000700000000,0x00000007044e4610,0x000000070be80000)
 Metaspace       used 130817K, capacity 138342K, committed 139432K, reserved 1169408K
  class space    used 16785K, capacity 18289K, committed 18608K, reserved 1048576K
Event: 9964.981 GC heap after
Heap after GC invocations=48 (full 7):
 PSYoungGen      total 813568K, used 0K [0x0000000780000000, 0x00000007b4a80000, 0x00000007c0000000)
  eden space 764416K, 0% used [0x0000000780000000,0x0000000780000000,0x00000007aea80000)
  from space 49152K, 0% used [0x00000007aea80000,0x00000007aea80000,0x00000007b1a80000)
  to   space 49152K, 0% used [0x00000007b1a80000,0x00000007b1a80000,0x00000007b4a80000)
 ParOldGen       total 195072K, used 48541K [0x0000000700000000, 0x000000070be80000, 0x0000000780000000)
  object space 195072K, 24% used [0x0000000700000000,0x0000000702f67578,0x000000070be80000)
 Metaspace       used 128368K, capacity 134248K, committed 139432K, reserved 1169408K
  class space    used 16309K, capacity 17558K, committed 18608K, reserved 1048576K
}
Event: 10564.636 GC heap before
{Heap before GC invocations=49 (full 7):
 PSYoungGen      total 813568K, used 764416K [0x0000000780000000, 0x00000007b4a80000, 0x00000007c0000000)
  eden space 764416K, 100% used [0x0000000780000000,0x00000007aea80000,0x00000007aea80000)
  from space 49152K, 0% used [0x00000007aea80000,0x00000007aea80000,0x00000007b1a80000)
  to   space 49152K, 0% used [0x00000007b1a80000,0x00000007b1a80000,0x00000007b4a80000)
 ParOldGen       total 195072K, used 48541K [0x0000000700000000, 0x000000070be80000, 0x0000000780000000)
  object space 195072K, 24% used [0x0000000700000000,0x0000000702f67578,0x000000070be80000)
 Metaspace       used 159360K, capacity 167752K, committed 168360K, reserved 1196032K
  class space    used 20615K, capacity 22434K, committed 22448K, reserved 1048576K
Event: 10610.674 GC heap after
Heap after GC invocations=49 (full 7):
 PSYoungGen      total 813568K, used 49125K [0x0000000780000000, 0x00000007b4a80000, 0x00000007c0000000)
  eden space 764416K, 0% used [0x0000000780000000,0x0000000780000000,0x00000007aea80000)
  from space 49152K, 99% used [0x00000007b1a80000,0x00000007b4a79410,0x00000007b4a80000)
  to   space 49152K, 0% used [0x00000007aea80000,0x00000007aea80000,0x00000007b1a80000)
 ParOldGen       total 195072K, used 68661K [0x0000000700000000, 0x000000070be80000, 0x0000000780000000)
  object space 195072K, 35% used [0x0000000700000000,0x000000070430d5f0,0x000000070be80000)
 Metaspace       used 159360K, capacity 167752K, committed 168360K, reserved 1196032K
  class space    used 20615K, capacity 22434K, committed 22448K, reserved 1048576K
}

